app/build/outputs/logs/manifest-merger-debug-report.txt
-- Merging decision tree log ---
manifest
ADDED from src\main\AndroidManifest.xml:2:1-112:12
	package
		ADDED from src\main\AndroidManifest.xml:3:5-41
		INJECTED from src\main\AndroidManifest.xml
		INJECTED from src\main\AndroidManifest.xml
	android:versionName
		ADDED from src\main\AndroidManifest.xml:5:5-32
	android:versionCode
		ADDED from src\main\AndroidManifest.xml:4:5-28
		INJECTED from src\main\AndroidManifest.xml
		INJECTED from src\main\AndroidManifest.xml
	xmlns:android
		ADDED from src\main\AndroidManifest.xml:2:11-69
uses-sdk
ADDED from src\main\AndroidManifest.xml:6:5-8:41
	android:targetSdkVersion
		ADDED from src\main\AndroidManifest.xml:8:9-38
		INJECTED from src\main\AndroidManifest.xml
		INJECTED from src\main\AndroidManifest.xml
	android:minSdkVersion
		ADDED from src\main\AndroidManifest.xml:7:9-35
		INJECTED from src\main\AndroidManifest.xml
		INJECTED from src\main\AndroidManifest.xml
application
ADDED from src\main\AndroidManifest.xml:10:5-110:19
	android:label
		ADDED from src\main\AndroidManifest.xml:13:9-41
	android:allowBackup
		ADDED from src\main\AndroidManifest.xml:11:9-35
	android:icon
		ADDED from src\main\AndroidManifest.xml:12:9-45
	android:theme
		ADDED from src\main\AndroidManifest.xml:14:9-40
activity#com.TeamEclairs.passkeeper.MainActivity
ADDED from src\main\AndroidManifest.xml:15:9-25:20
	android:screenOrientation
		ADDED from src\main\AndroidManifest.xml:19:13-49
	android:label
		ADDED from src\main\AndroidManifest.xml:17:13-45
	android:configChanges
		ADDED from src\main\AndroidManifest.xml:18:13-48
	android:name
		ADDED from src\main\AndroidManifest.xml:16:13-41
intent-filter#android.intent.action.MAIN+android.intent.category.DEFAULT
ADDED from src\main\AndroidManifest.xml:20:13-24:29
action#android.intent.action.MAIN
ADDED from src\main\AndroidManifest.xml:21:17-69
	android:name
		ADDED from src\main\AndroidManifest.xml:21:25-66
category#android.intent.category.DEFAULT
ADDED from src\main\AndroidManifest.xml:23:17-76
	android:name
		ADDED from src\main\AndroidManifest.xml:23:27-73
activity#com.TeamEclairs.passkeeper.LoginActivity
ADDED from src\main\AndroidManifest.xml:26:9-36:20
	android:screenOrientation
		ADDED from src\main\AndroidManifest.xml:30:5-41
	android:label
		ADDED from src\main\AndroidManifest.xml:28:13-57
	android:configChanges
		ADDED from src\main\AndroidManifest.xml:29:13-48
	android:name
		ADDED from src\main\AndroidManifest.xml:27:13-42
activity#com.TeamEclairs.passkeeper.SplashActivity
ADDED from src\main\AndroidManifest.xml:37:9-48:20
	android:screenOrientation
		ADDED from src\main\AndroidManifest.xml:42:5-41
	android:label
		ADDED from src\main\AndroidManifest.xml:39:13-58
	android:configChanges
		ADDED from src\main\AndroidManifest.xml:41:13-48
	android:theme
		ADDED from src\main\AndroidManifest.xml:40:13-71
	android:name
		ADDED from src\main\AndroidManifest.xml:38:13-43
intent-filter#android.intent.action.MAIN+android.intent.category.LAUNCHER
ADDED from src\main\AndroidManifest.xml:43:13-47:29
category#android.intent.category.LAUNCHER
ADDED from src\main\AndroidManifest.xml:46:17-77
	android:name
		ADDED from src\main\AndroidManifest.xml:46:27-74
activity#com.TeamEclairs.passkeeper.AddNewActivity
ADDED from src\main\AndroidManifest.xml:49:9-54:20
	android:screenOrientation
		ADDED from src\main\AndroidManifest.xml:53:5-41
	android:label
		ADDED from src\main\AndroidManifest.xml:51:13-59
	android:configChanges
		ADDED from src\main\AndroidManifest.xml:52:13-48
	android:name
		ADDED from src\main\AndroidManifest.xml:50:13-43
activity#com.TeamEclairs.passkeeper.FirstLaunchActivity
ADDED from src\main\AndroidManifest.xml:55:9-60:20
	android:screenOrientation
		ADDED from src\main\AndroidManifest.xml:59:5-41
	android:label
		ADDED from src\main\AndroidManifest.xml:57:13-64
	android:configChanges
		ADDED from src\main\AndroidManifest.xml:58:13-48
	android:name
		ADDED from src\main\AndroidManifest.xml:56:13-48
activity#com.TeamEclairs.passkeeper.UpdateActivity
ADDED from src\main\AndroidManifest.xml:61:9-66:20
	android:screenOrientation
		ADDED from src\main\AndroidManifest.xml:65:5-41
	android:label
		ADDED from src\main\AndroidManifest.xml:63:13-58
	android:configChanges
		ADDED from src\main\AndroidManifest.xml:64:13-48
	android:name
		ADDED from src\main\AndroidManifest.xml:62:13-43
activity#com.TeamEclairs.passkeeper.SettingsActivity
ADDED from src\main\AndroidManifest.xml:67:9-72:20
	android:screenOrientation
		ADDED from src\main\AndroidManifest.xml:71:5-41
	android:label
		ADDED from src\main\AndroidManifest.xml:69:13-60
	android:configChanges
		ADDED from src\main\AndroidManifest.xml:70:13-48
	android:name
		ADDED from src\main\AndroidManifest.xml:68:13-45
activity#com.TeamEclairs.passkeeper.SecurityManagerActivity
ADDED from src\main\AndroidManifest.xml:73:9-78:20
	android:screenOrientation
		ADDED from src\main\AndroidManifest.xml:77:5-41
	android:label
		ADDED from src\main\AndroidManifest.xml:75:13-68
	android:configChanges
		ADDED from src\main\AndroidManifest.xml:76:13-48
	android:name
		ADDED from src\main\AndroidManifest.xml:74:13-52
activity#com.TeamEclairs.passkeeper.ManageAccountActivity
ADDED from src\main\AndroidManifest.xml:79:9-84:20
	android:screenOrientation
		ADDED from src\main\AndroidManifest.xml:83:5-41
	android:label
		ADDED from src\main\AndroidManifest.xml:81:13-66
	android:configChanges
		ADDED from src\main\AndroidManifest.xml:82:13-48
	android:name
		ADDED from src\main\AndroidManifest.xml:80:13-50
activity#com.TeamEclairs.passkeeper.StartActivity
ADDED from src\main\AndroidManifest.xml:85:9-96:20
	android:screenOrientation
		ADDED from src\main\AndroidManifest.xml:90:5-41
	android:label
		ADDED from src\main\AndroidManifest.xml:87:13-57
	android:configChanges
		ADDED from src\main\AndroidManifest.xml:89:13-48
	android:theme
		ADDED from src\main\AndroidManifest.xml:88:13-71
	android:name
		ADDED from src\main\AndroidManifest.xml:86:13-42
activity#com.TeamEclairs.passkeeper.AboutsActivity
ADDED from src\main\AndroidManifest.xml:97:9-102:20
	android:screenOrientation
		ADDED from src\main\AndroidManifest.xml:101:5-41
	android:label
		ADDED from src\main\AndroidManifest.xml:99:13-58
	android:configChanges
		ADDED from src\main\AndroidManifest.xml:100:13-48
	android:name
		ADDED from src\main\AndroidManifest.xml:98:13-43
activity#com.TeamEclairs.passkeeper.HelpActivity
ADDED from src\main\AndroidManifest.xml:103:9-109:20
	android:screenOrientation
		ADDED from src\main\AndroidManifest.xml:108:5-41
	android:label
		ADDED from src\main\AndroidManifest.xml:105:13-56
	android:configChanges
		ADDED from src\main\AndroidManifest.xml:107:13-48
	android:theme
		ADDED from src\main\AndroidManifest.xml:106:13-71
	android:name
		ADDED from src\main\AndroidManifest.xml:104:13-41